<?xml version="1.0" encoding="UTF-8"?>
<!-- Generated by org.testng.reporters.JUnitXMLReporter -->
<testsuite hostname="DESKTOPOFREJA" ignored="2" name="login tests with chrome browser" tests="1" failures="0" timestamp="09 Oct 2018 02:07:48 GMT" time="0.041" errors="0">
  <testcase name="t3" time="0.013" classname="com.automationpractice.login.LoginTests2"/>
  <testcase name="t2" time="0.0" classname="com.automationpractice.login.LoginTests2">
    <ignored/>
  </testcase> <!-- t2 -->
  <testcase name="t1" time="0.0" classname="com.automationpractice.login.LoginTests2">
    <ignored/>
  </testcase> <!-- t1 -->
</testsuite> <!-- login tests with chrome browser -->
