<?xml version="1.0" encoding="UTF-8"?>
<testng-results skipped="0" failed="0" ignored="0" total="1" passed="1">
  <reporter-output>
  </reporter-output>
  <suite name="Default suite" duration-ms="39007" started-at="2018-10-19T02:59:19Z" finished-at="2018-10-19T02:59:58Z">
    <groups>
    </groups>
    <test name="Default test" duration-ms="39007" started-at="2018-10-19T02:59:19Z" finished-at="2018-10-19T02:59:58Z">
      <class name="net.timeandtraining.AutoITDemo">
        <test-method status="PASS" signature="init(java.lang.String)[pri:0, instance:net.timeandtraining.AutoITDemo@481a996b]" name="init" is-config="true" duration-ms="4847" started-at="2018-10-19T02:59:19Z" finished-at="2018-10-19T02:59:24Z">
          <params>
            <param index="0">
              <value>
                <![CDATA[chrome]]>
              </value>
            </param>
          </params>
          <reporter-output>
          </reporter-output>
        </test-method> <!-- init -->
        <test-method status="PASS" signature="fileupload()[pri:0, instance:net.timeandtraining.AutoITDemo@481a996b]" name="fileupload" duration-ms="34033" started-at="2018-10-19T02:59:24Z" finished-at="2018-10-19T02:59:58Z">
          <reporter-output>
          </reporter-output>
        </test-method> <!-- fileupload -->
        <test-method status="PASS" signature="closeBrowser()[pri:0, instance:net.timeandtraining.AutoITDemo@481a996b]" name="closeBrowser" is-config="true" duration-ms="87" started-at="2018-10-19T02:59:58Z" finished-at="2018-10-19T02:59:58Z">
          <reporter-output>
          </reporter-output>
        </test-method> <!-- closeBrowser -->
      </class> <!-- net.timeandtraining.AutoITDemo -->
    </test> <!-- Default test -->
  </suite> <!-- Default suite -->
</testng-results>
